<?xml version="1.0" encoding="UTF-8"?>
<robot generator="Robot 6.0.2 (Python 3.11.1 on win32)" generated="20230224 22:21:13.589" rpa="false" schemaversion="3">
<suite id="s1" name="Test" source="C:\digitalBooking\test.robot">
<test id="s1-t1" name="Caso de Teste 01 - Teste de Usabilidade" line="8">
<kw name="Abrir o navegador" library="test" type="SETUP">
<kw name="Open Browser" library="SeleniumLibrary">
<arg>browser=chrome</arg>
<doc>Opens a new browser instance to the optional ``url``.</doc>
<msg timestamp="20230224 22:21:13.798" level="INFO">Opening browser 'chrome' to base url 'None'.</msg>
<status status="PASS" starttime="20230224 22:21:13.797" endtime="20230224 22:21:14.949"/>
</kw>
<kw name="Maximize Browser Window" library="SeleniumLibrary">
<doc>Maximizes current browser window.</doc>
<status status="PASS" starttime="20230224 22:21:14.949" endtime="20230224 22:21:15.076"/>
</kw>
<status status="PASS" starttime="20230224 22:21:13.797" endtime="20230224 22:21:15.076"/>
</kw>
<kw name="Dado que eu acesse a home page da &quot;Db Booking&quot; pelo navegador" library="test">
<kw name="Go To" library="SeleniumLibrary">
<arg>${URL}</arg>
<doc>Navigates the current browser window to the provided ``url``.</doc>
<msg timestamp="20230224 22:21:15.077" level="INFO">Opening url 'http://localhost:5173/'</msg>
<status status="PASS" starttime="20230224 22:21:15.076" endtime="20230224 22:21:15.668"/>
</kw>
<kw name="Wait Until Keyword Succeeds" library="BuiltIn">
<var>${response}</var>
<arg>5s</arg>
<arg>1s</arg>
<arg>GET</arg>
<arg>${URL}</arg>
<doc>Runs the specified keyword and retries if it fails.</doc>
<kw name="GET" library="RequestsLibrary">
<arg>${URL}</arg>
<doc>Sends a GET request.</doc>
<msg timestamp="20230224 22:21:15.675" level="INFO">GET Request : url=http://localhost:5173/ 
 path_url=/ 
 headers={'User-Agent': 'python-requests/2.28.2', 'Accept-Encoding': 'gzip, deflate', 'Accept': '*/*', 'Connection': 'keep-alive'} 
 body=None 
 </msg>
<msg timestamp="20230224 22:21:15.675" level="INFO">GET Response : url=http://localhost:5173/ 
 status=200, reason=OK 
 headers={'Access-Control-Allow-Origin': '*', 'Content-Type': 'text/html', 'Cache-Control': 'no-cache', 'Etag': 'W/"2de-c/dmMbBInCvSXjHEPJtrZ33RoZM"', 'Date': 'Fri, 24 Feb 2023 21:37:15 GMT', 'Connection': 'keep-alive', 'Keep-Alive': 'timeout=5', 'Content-Length': '734'} 
 body=&lt;!DOCTYPE html&gt;
&lt;html lang="en"&gt;
  &lt;head&gt;
    &lt;script type="module"&gt;
import RefreshRuntime from "/@react-refresh"
RefreshRuntime.injectIntoGlobalHook(window)
window.$RefreshReg$ = () =&gt; {}
window.$RefreshSig$ = () =&gt; (type) =&gt; type
window.__vite_plugin_react_preamble_installed__ = true
&lt;/script&gt;

    &lt;script type="module" src="/@vite/client"&gt;&lt;/script&gt;

    &lt;meta charset="UTF-8" /&gt;
    &lt;link rel="icon" type="image/svg+xml" href="./src/assets/minLogo.png" /&gt;
    &lt;meta name="viewport" content="width=device-width, initial-scale=1.0" /&gt;

    &lt;link rel="stylesheet" /&gt;
    &lt;title&gt;Db Reservas&lt;/title&gt;
  &lt;/head&gt;
  &lt;body&gt;
    &lt;div id="root"&gt;&lt;/div&gt;
    &lt;script type="module" src="/src/main.jsx"&gt;&lt;/script&gt;
  &lt;/body&gt;
&lt;/html&gt;
 
 </msg>
<status status="PASS" starttime="20230224 22:21:15.669" endtime="20230224 22:21:15.675"/>
</kw>
<msg timestamp="20230224 22:21:15.675" level="INFO">${response} = &lt;Response [200]&gt;</msg>
<status status="PASS" starttime="20230224 22:21:15.668" endtime="20230224 22:21:15.675"/>
</kw>
<kw name="Should Be Equal As Strings" library="BuiltIn">
<arg>${response.status_code}</arg>
<arg>200</arg>
<doc>Fails if objects are unequal after converting them to strings.</doc>
<msg timestamp="20230224 22:21:15.676" level="INFO">Argument types are:
&lt;class 'int'&gt;
&lt;class 'str'&gt;</msg>
<status status="PASS" starttime="20230224 22:21:15.675" endtime="20230224 22:21:15.676"/>
</kw>
<kw name="Wait Until Page Contains Element" library="SeleniumLibrary">
<arg>//body/div[@id='root']/div[1]/div[1]/div[1]</arg>
<doc>Waits until the element ``locator`` appears on the current page.</doc>
<status status="PASS" starttime="20230224 22:21:15.676" endtime="20230224 22:21:15.685"/>
</kw>
<status status="PASS" starttime="20230224 22:21:15.076" endtime="20230224 22:21:15.685"/>
</kw>
<kw name="Quando eu quiser acessar pelo meu tablet" library="test">
<kw name="Set Window Size" library="SeleniumLibrary">
<arg>768</arg>
<arg>1024</arg>
<doc>Sets current windows size to given ``width`` and ``height``.</doc>
<status status="PASS" starttime="20230224 22:21:15.685" endtime="20230224 22:21:15.917"/>
</kw>
<kw name="Wait Until Page Contains Element" library="SeleniumLibrary">
<arg>//body/div[@id='root']/div[1]/div[1]/div[1]</arg>
<doc>Waits until the element ``locator`` appears on the current page.</doc>
<status status="PASS" starttime="20230224 22:21:15.917" endtime="20230224 22:21:15.922"/>
</kw>
<kw name="Capture Page Screenshot" library="SeleniumLibrary">
<doc>Takes a screenshot of the current page and embeds it into a log file.</doc>
<msg timestamp="20230224 22:21:16.167" level="INFO" html="true">&lt;/td&gt;&lt;/tr&gt;&lt;tr&gt;&lt;td colspan="3"&gt;&lt;a href="selenium-screenshot-1.png"&gt;&lt;img src="selenium-screenshot-1.png" width="800px"&gt;&lt;/a&gt;</msg>
<status status="PASS" starttime="20230224 22:21:15.923" endtime="20230224 22:21:16.167"/>
</kw>
<status status="PASS" starttime="20230224 22:21:15.685" endtime="20230224 22:21:16.167"/>
</kw>
<kw name="E pelo meu dispositivo mobile" library="test">
<kw name="Set Window Size" library="SeleniumLibrary">
<arg>414</arg>
<arg>896</arg>
<doc>Sets current windows size to given ``width`` and ``height``.</doc>
<status status="PASS" starttime="20230224 22:21:16.167" endtime="20230224 22:21:16.292"/>
</kw>
<kw name="Wait Until Page Contains Element" library="SeleniumLibrary">
<arg>//body/div[@id='root']/div[1]/div[1]/div[1]</arg>
<doc>Waits until the element ``locator`` appears on the current page.</doc>
<status status="PASS" starttime="20230224 22:21:16.292" endtime="20230224 22:21:16.304"/>
</kw>
<kw name="Capture Page Screenshot" library="SeleniumLibrary">
<doc>Takes a screenshot of the current page and embeds it into a log file.</doc>
<msg timestamp="20230224 22:21:16.458" level="INFO" html="true">&lt;/td&gt;&lt;/tr&gt;&lt;tr&gt;&lt;td colspan="3"&gt;&lt;a href="selenium-screenshot-2.png"&gt;&lt;img src="selenium-screenshot-2.png" width="800px"&gt;&lt;/a&gt;</msg>
<status status="PASS" starttime="20230224 22:21:16.304" endtime="20230224 22:21:16.458"/>
</kw>
<status status="PASS" starttime="20230224 22:21:16.167" endtime="20230224 22:21:16.458"/>
</kw>
<kw name="Então ele deverá ficar responsivo" library="test">
<kw name="Get Title" library="SeleniumLibrary">
<var>${actual_title}</var>
<doc>Returns the title of the current page.</doc>
<msg timestamp="20230224 22:21:16.464" level="INFO">${actual_title} = Db Reservas</msg>
<status status="PASS" starttime="20230224 22:21:16.459" endtime="20230224 22:21:16.464"/>
</kw>
<kw name="Should Be Equal As Strings" library="BuiltIn">
<arg>${actual_title}</arg>
<arg>${EXPECTED_TITLE}</arg>
<doc>Fails if objects are unequal after converting them to strings.</doc>
<status status="PASS" starttime="20230224 22:21:16.464" endtime="20230224 22:21:16.464"/>
</kw>
<kw name="Wait Until Page Contains Element" library="SeleniumLibrary">
<arg>//body/div[@id='root']/div[1]/div[1]/div[1]</arg>
<doc>Waits until the element ``locator`` appears on the current page.</doc>
<status status="PASS" starttime="20230224 22:21:16.465" endtime="20230224 22:21:16.470"/>
</kw>
<kw name="Capture Page Screenshot" library="SeleniumLibrary">
<doc>Takes a screenshot of the current page and embeds it into a log file.</doc>
<msg timestamp="20230224 22:21:16.624" level="INFO" html="true">&lt;/td&gt;&lt;/tr&gt;&lt;tr&gt;&lt;td colspan="3"&gt;&lt;a href="selenium-screenshot-3.png"&gt;&lt;img src="selenium-screenshot-3.png" width="800px"&gt;&lt;/a&gt;</msg>
<status status="PASS" starttime="20230224 22:21:16.470" endtime="20230224 22:21:16.624"/>
</kw>
<status status="PASS" starttime="20230224 22:21:16.459" endtime="20230224 22:21:16.624"/>
</kw>
<kw name="Fechar o navegador" library="test" type="TEARDOWN">
<kw name="Capture Page Screenshot" library="SeleniumLibrary">
<doc>Takes a screenshot of the current page and embeds it into a log file.</doc>
<msg timestamp="20230224 22:21:16.769" level="INFO" html="true">&lt;/td&gt;&lt;/tr&gt;&lt;tr&gt;&lt;td colspan="3"&gt;&lt;a href="selenium-screenshot-4.png"&gt;&lt;img src="selenium-screenshot-4.png" width="800px"&gt;&lt;/a&gt;</msg>
<status status="PASS" starttime="20230224 22:21:16.625" endtime="20230224 22:21:16.769"/>
</kw>
<kw name="Close Browser" library="SeleniumLibrary">
<doc>Closes the current browser.</doc>
<status status="PASS" starttime="20230224 22:21:16.769" endtime="20230224 22:21:18.867"/>
</kw>
<status status="PASS" starttime="20230224 22:21:16.625" endtime="20230224 22:21:18.867"/>
</kw>
<doc>Como usuário
Quero um site responsivo
Para acessar desde Tablets, Desktop e Mobile</doc>
<tag>desktop</tag>
<tag>mobile</tag>
<tag>responsividade</tag>
<tag>tablet</tag>
<status status="PASS" starttime="20230224 22:21:13.796" endtime="20230224 22:21:18.868"/>
</test>
<doc>Essa suíte testa a responsividade do site Db Booking</doc>
<status status="PASS" starttime="20230224 22:21:13.590" endtime="20230224 22:21:18.869"/>
</suite>
<statistics>
<total>
<stat pass="1" fail="0" skip="0">All Tests</stat>
</total>
<tag>
<stat pass="1" fail="0" skip="0">desktop</stat>
<stat pass="1" fail="0" skip="0">mobile</stat>
<stat pass="1" fail="0" skip="0">responsividade</stat>
<stat pass="1" fail="0" skip="0">tablet</stat>
</tag>
<suite>
<stat pass="1" fail="0" skip="0" id="s1" name="Test">Test</stat>
</suite>
</statistics>
<errors>
</errors>
</robot>
